


ARM Macro Assembler    Page 1 


    1 00000000         ; <<< Use Configuration Wizard in Context Menu >>>
    2 00000000         ;*******************************************************
                       ***********************
    3 00000000         ;
    4 00000000         ; startup_rvmdk.S - Startup code for use with Keil's uVi
                       sion.
    5 00000000         ;
    6 00000000         ; Copyright (c) 2012 Texas Instruments Incorporated.  Al
                       l rights reserved.
    7 00000000         ; Software License Agreement
    8 00000000         ; 
    9 00000000         ; Texas Instruments (TI) is supplying this software for 
                       use solely and
   10 00000000         ; exclusively on TI's microcontroller products. The soft
                       ware is owned by
   11 00000000         ; TI and/or its suppliers, and is protected under applic
                       able copyright
   12 00000000         ; laws. You may not combine this software with "viral" o
                       pen-source
   13 00000000         ; software in order to form a larger program.
   14 00000000         ; 
   15 00000000         ; THIS SOFTWARE IS PROVIDED "AS IS" AND WITH ALL FAULTS.
                       
   16 00000000         ; NO WARRANTIES, WHETHER EXPRESS, IMPLIED OR STATUTORY, 
                       INCLUDING, BUT
   17 00000000         ; NOT LIMITED TO, IMPLIED WARRANTIES OF MERCHANTABILITY 
                       AND FITNESS FOR
   18 00000000         ; A PARTICULAR PURPOSE APPLY TO THIS SOFTWARE. TI SHALL 
                       NOT, UNDER ANY
   19 00000000         ; CIRCUMSTANCES, BE LIABLE FOR SPECIAL, INCIDENTAL, OR C
                       ONSEQUENTIAL
   20 00000000         ; DAMAGES, FOR ANY REASON WHATSOEVER.
   21 00000000         ; 
   22 00000000         ; This is part of revision 9453 of the EK-LM4F120XL Firm
                       ware Package.
   23 00000000         ;
   24 00000000         ;*******************************************************
                       ***********************
   25 00000000         
   26 00000000         ;*******************************************************
                       ***********************
   27 00000000         ;
   28 00000000         ; <o> Stack Size (in Bytes) <0x0-0xFFFFFFFF:8>
   29 00000000         ;
   30 00000000         ;*******************************************************
                       ***********************
   31 00000000 00000100 
                       Stack   EQU              0x00000100
   32 00000000         
   33 00000000         ;*******************************************************
                       ***********************
   34 00000000         ;
   35 00000000         ; <o> Heap Size (in Bytes) <0x0-0xFFFFFFFF:8>
   36 00000000         ;
   37 00000000         ;*******************************************************
                       ***********************
   38 00000000 00000000 
                       Heap    EQU              0x00000000
   39 00000000         



ARM Macro Assembler    Page 2 


   40 00000000         ;*******************************************************
                       ***********************
   41 00000000         ;
   42 00000000         ; Allocate space for the stack.
   43 00000000         ;
   44 00000000         ;*******************************************************
                       ***********************
   45 00000000                 AREA             STACK, NOINIT, READWRITE, ALIGN
=3
   46 00000000         StackMem
   47 00000000                 SPACE            Stack
   48 00000100         __initial_sp
   49 00000100         
   50 00000100         ;*******************************************************
                       ***********************
   51 00000100         ;
   52 00000100         ; Allocate space for the heap.
   53 00000100         ;
   54 00000100         ;*******************************************************
                       ***********************
   55 00000100                 AREA             HEAP, NOINIT, READWRITE, ALIGN=
3
   56 00000000         __heap_base
   57 00000000         HeapMem
   58 00000000                 SPACE            Heap
   59 00000000         __heap_limit
   60 00000000         
   61 00000000         ;*******************************************************
                       ***********************
   62 00000000         ;
   63 00000000         ; Indicate that the code in this file preserves 8-byte a
                       lignment of the stack.
   64 00000000         ;
   65 00000000         ;*******************************************************
                       ***********************
   66 00000000                 PRESERVE8
   67 00000000         
   68 00000000         ;*******************************************************
                       ***********************
   69 00000000         ;
   70 00000000         ; Place code into the reset code section.
   71 00000000         ;
   72 00000000         ;*******************************************************
                       ***********************
   73 00000000                 AREA             RESET, CODE, READONLY
   74 00000000                 THUMB
   75 00000000         
   76 00000000                 EXTERN           TIMER0IntHandler
   77 00000000                 EXTERN           UART3IntHandler
   78 00000000                 EXTERN           I2C1IntHandler
   79 00000000                 EXTERN           PORTDIntHandler
   80 00000000         ;*******************************************************
                       ***********************
   81 00000000         ;
   82 00000000         ; The vector table.
   83 00000000         ;
   84 00000000         ;*******************************************************
                       ***********************
   85 00000000                 EXPORT           __Vectors



ARM Macro Assembler    Page 3 


   86 00000000         __Vectors
   87 00000000 00000100        DCD              StackMem + Stack ; Top of Stack
                                                            
   88 00000004 00000000        DCD              Reset_Handler ; Reset Handler
   89 00000008 00000000        DCD              NmiSR       ; NMI Handler
   90 0000000C 00000000        DCD              FaultISR    ; Hard Fault Handle
                                                            r
   91 00000010 00000000        DCD              IntDefaultHandler ; The MPU fau
                                                            lt handler
   92 00000014 00000000        DCD              IntDefaultHandler ; The bus fau
                                                            lt handler
   93 00000018 00000000        DCD              IntDefaultHandler ; The usage f
                                                            ault handler
   94 0000001C 00000000        DCD              0           ; Reserved
   95 00000020 00000000        DCD              0           ; Reserved
   96 00000024 00000000        DCD              0           ; Reserved
   97 00000028 00000000        DCD              0           ; Reserved
   98 0000002C 00000000        DCD              IntDefaultHandler 
                                                            ; SVCall handler
   99 00000030 00000000        DCD              IntDefaultHandler ; Debug monit
                                                            or handler
  100 00000034 00000000        DCD              0           ; Reserved
  101 00000038 00000000        DCD              IntDefaultHandler ; The PendSV 
                                                            handler
  102 0000003C 00000000        DCD              IntDefaultHandler ; The SysTick
                                                             handler
  103 00000040 00000000        DCD              IntDefaultHandler ; GPIO Port A
                                                            
  104 00000044 00000000        DCD              IntDefaultHandler ; GPIO Port B
                                                            
  105 00000048 00000000        DCD              IntDefaultHandler ; GPIO Port C
                                                            
  106 0000004C 00000000        DCD              PORTDIntHandler ; GPIO Port D
  107 00000050 00000000        DCD              IntDefaultHandler ; GPIO Port E
                                                            
  108 00000054 00000000        DCD              IntDefaultHandler 
                                                            ; UART0 Rx and Tx
  109 00000058 00000000        DCD              IntDefaultHandler 
                                                            ; UART1 Rx and Tx
  110 0000005C 00000000        DCD              IntDefaultHandler 
                                                            ; SSI0 Rx and Tx
  111 00000060 00000000        DCD              IntDefaultHandler ; I2C0 Master
                                                             and Slave
  112 00000064 00000000        DCD              IntDefaultHandler ; PWM Fault
  113 00000068 00000000        DCD              IntDefaultHandler 
                                                            ; PWM Generator 0
  114 0000006C 00000000        DCD              IntDefaultHandler 
                                                            ; PWM Generator 1
  115 00000070 00000000        DCD              IntDefaultHandler 
                                                            ; PWM Generator 2
  116 00000074 00000000        DCD              IntDefaultHandler ; Quadrature 
                                                            Encoder 0
  117 00000078 00000000        DCD              IntDefaultHandler 
                                                            ; ADC Sequence 0
  118 0000007C 00000000        DCD              IntDefaultHandler 
                                                            ; ADC Sequence 1
  119 00000080 00000000        DCD              IntDefaultHandler 
                                                            ; ADC Sequence 2
  120 00000084 00000000        DCD              IntDefaultHandler 



ARM Macro Assembler    Page 4 


                                                            ; ADC Sequence 3
  121 00000088 00000000        DCD              IntDefaultHandler 
                                                            ; Watchdog timer
  122 0000008C 00000000        DCD              TIMER0IntHandler ; Timer 0 subt
                                                            imer A
  123 00000090 00000000        DCD              TIMER0IntHandler ; Timer 0 subt
                                                            imer B
  124 00000094 00000000        DCD              IntDefaultHandler ; Timer 1 sub
                                                            timer A
  125 00000098 00000000        DCD              IntDefaultHandler ; Timer 1 sub
                                                            timer B
  126 0000009C 00000000        DCD              IntDefaultHandler ; Timer 2 sub
                                                            timer A
  127 000000A0 00000000        DCD              IntDefaultHandler ; Timer 2 sub
                                                            timer B
  128 000000A4 00000000        DCD              IntDefaultHandler ; Analog Comp
                                                            arator 0
  129 000000A8 00000000        DCD              IntDefaultHandler ; Analog Comp
                                                            arator 1
  130 000000AC 00000000        DCD              IntDefaultHandler ; Analog Comp
                                                            arator 2
  131 000000B0 00000000        DCD              IntDefaultHandler ; System Cont
                                                            rol (PLL, OSC, BO)
  132 000000B4 00000000        DCD              IntDefaultHandler 
                                                            ; FLASH Control
  133 000000B8 00000000        DCD              IntDefaultHandler ; GPIO Port F
                                                            
  134 000000BC 00000000        DCD              IntDefaultHandler ; GPIO Port G
                                                            
  135 000000C0 00000000        DCD              IntDefaultHandler ; GPIO Port H
                                                            
  136 000000C4 00000000        DCD              IntDefaultHandler 
                                                            ; UART2 Rx and Tx
  137 000000C8 00000000        DCD              IntDefaultHandler 
                                                            ; SSI1 Rx and Tx
  138 000000CC 00000000        DCD              IntDefaultHandler ; Timer 3 sub
                                                            timer A
  139 000000D0 00000000        DCD              IntDefaultHandler ; Timer 3 sub
                                                            timer B
  140 000000D4 00000000        DCD              I2C1IntHandler ; I2C1 Master an
                                                            d Slave
  141 000000D8 00000000        DCD              IntDefaultHandler ; Quadrature 
                                                            Encoder 1
  142 000000DC 00000000        DCD              IntDefaultHandler ; CAN0
  143 000000E0 00000000        DCD              IntDefaultHandler ; CAN1
  144 000000E4 00000000        DCD              IntDefaultHandler ; CAN2
  145 000000E8 00000000        DCD              IntDefaultHandler ; Ethernet
  146 000000EC 00000000        DCD              IntDefaultHandler ; Hibernate
  147 000000F0 00000000        DCD              IntDefaultHandler ; USB0
  148 000000F4 00000000        DCD              IntDefaultHandler 
                                                            ; PWM Generator 3
  149 000000F8 00000000        DCD              IntDefaultHandler ; uDMA Softwa
                                                            re Transfer
  150 000000FC 00000000        DCD              IntDefaultHandler ; uDMA Error
  151 00000100 00000000        DCD              IntDefaultHandler 
                                                            ; ADC1 Sequence 0
  152 00000104 00000000        DCD              IntDefaultHandler 
                                                            ; ADC1 Sequence 1
  153 00000108 00000000        DCD              IntDefaultHandler 



ARM Macro Assembler    Page 5 


                                                            ; ADC1 Sequence 2
  154 0000010C 00000000        DCD              IntDefaultHandler 
                                                            ; ADC1 Sequence 3
  155 00000110 00000000        DCD              IntDefaultHandler ; I2S0
  156 00000114 00000000        DCD              IntDefaultHandler ; External Bu
                                                            s Interface 0
  157 00000118 00000000        DCD              IntDefaultHandler ; GPIO Port J
                                                            
  158 0000011C 00000000        DCD              IntDefaultHandler ; GPIO Port K
                                                            
  159 00000120 00000000        DCD              IntDefaultHandler ; GPIO Port L
                                                            
  160 00000124 00000000        DCD              IntDefaultHandler 
                                                            ; SSI2 Rx and Tx
  161 00000128 00000000        DCD              IntDefaultHandler 
                                                            ; SSI3 Rx and Tx
  162 0000012C 00000000        DCD              UART3IntHandler 
                                                            ; UART3 Rx and Tx
  163 00000130 00000000        DCD              IntDefaultHandler 
                                                            ; UART4 Rx and Tx
  164 00000134 00000000        DCD              IntDefaultHandler 
                                                            ; UART5 Rx and Tx
  165 00000138 00000000        DCD              IntDefaultHandler 
                                                            ; UART6 Rx and Tx
  166 0000013C 00000000        DCD              IntDefaultHandler 
                                                            ; UART7 Rx and Tx
  167 00000140 00000000        DCD              0           ; Reserved
  168 00000144 00000000        DCD              0           ; Reserved
  169 00000148 00000000        DCD              0           ; Reserved
  170 0000014C 00000000        DCD              0           ; Reserved
  171 00000150 00000000        DCD              IntDefaultHandler ; I2C2 Master
                                                             and Slave
  172 00000154 00000000        DCD              IntDefaultHandler ; I2C3 Master
                                                             and Slave
  173 00000158 00000000        DCD              IntDefaultHandler ; Timer 4 sub
                                                            timer A
  174 0000015C 00000000        DCD              IntDefaultHandler ; Timer 4 sub
                                                            timer B
  175 00000160 00000000        DCD              0           ; Reserved
  176 00000164 00000000        DCD              0           ; Reserved
  177 00000168 00000000        DCD              0           ; Reserved
  178 0000016C 00000000        DCD              0           ; Reserved
  179 00000170 00000000        DCD              0           ; Reserved
  180 00000174 00000000        DCD              0           ; Reserved
  181 00000178 00000000        DCD              0           ; Reserved
  182 0000017C 00000000        DCD              0           ; Reserved
  183 00000180 00000000        DCD              0           ; Reserved
  184 00000184 00000000        DCD              0           ; Reserved
  185 00000188 00000000        DCD              0           ; Reserved
  186 0000018C 00000000        DCD              0           ; Reserved
  187 00000190 00000000        DCD              0           ; Reserved
  188 00000194 00000000        DCD              0           ; Reserved
  189 00000198 00000000        DCD              0           ; Reserved
  190 0000019C 00000000        DCD              0           ; Reserved
  191 000001A0 00000000        DCD              0           ; Reserved
  192 000001A4 00000000        DCD              0           ; Reserved
  193 000001A8 00000000        DCD              0           ; Reserved
  194 000001AC 00000000        DCD              0           ; Reserved
  195 000001B0 00000000        DCD              IntDefaultHandler ; Timer 5 sub



ARM Macro Assembler    Page 6 


                                                            timer A
  196 000001B4 00000000        DCD              IntDefaultHandler ; Timer 5 sub
                                                            timer B
  197 000001B8 00000000        DCD              IntDefaultHandler ; Wide Timer 
                                                            0 subtimer A
  198 000001BC 00000000        DCD              IntDefaultHandler ; Wide Timer 
                                                            0 subtimer B
  199 000001C0 00000000        DCD              IntDefaultHandler ; Wide Timer 
                                                            1 subtimer A
  200 000001C4 00000000        DCD              IntDefaultHandler ; Wide Timer 
                                                            1 subtimer B
  201 000001C8 00000000        DCD              IntDefaultHandler ; Wide Timer 
                                                            2 subtimer A
  202 000001CC 00000000        DCD              IntDefaultHandler ; Wide Timer 
                                                            2 subtimer B
  203 000001D0 00000000        DCD              IntDefaultHandler ; Wide Timer 
                                                            3 subtimer A
  204 000001D4 00000000        DCD              IntDefaultHandler ; Wide Timer 
                                                            3 subtimer B
  205 000001D8 00000000        DCD              IntDefaultHandler ; Wide Timer 
                                                            4 subtimer A
  206 000001DC 00000000        DCD              IntDefaultHandler ; Wide Timer 
                                                            4 subtimer B
  207 000001E0 00000000        DCD              IntDefaultHandler ; Wide Timer 
                                                            5 subtimer A
  208 000001E4 00000000        DCD              IntDefaultHandler ; Wide Timer 
                                                            5 subtimer B
  209 000001E8 00000000        DCD              IntDefaultHandler ; FPU
  210 000001EC 00000000        DCD              IntDefaultHandler ; PECI 0
  211 000001F0 00000000        DCD              IntDefaultHandler ; LPC 0
  212 000001F4 00000000        DCD              IntDefaultHandler ; I2C4 Master
                                                             and Slave
  213 000001F8 00000000        DCD              IntDefaultHandler ; I2C5 Master
                                                             and Slave
  214 000001FC 00000000        DCD              IntDefaultHandler ; GPIO Port M
                                                            
  215 00000200 00000000        DCD              IntDefaultHandler ; GPIO Port N
                                                            
  216 00000204 00000000        DCD              IntDefaultHandler ; Quadrature 
                                                            Encoder 2
  217 00000208 00000000        DCD              IntDefaultHandler ; Fan 0
  218 0000020C 00000000        DCD              0           ; Reserved
  219 00000210 00000000        DCD              IntDefaultHandler ; GPIO Port P
                                                             (Summary or P0)
  220 00000214 00000000        DCD              IntDefaultHandler 
                                                            ; GPIO Port P1
  221 00000218 00000000        DCD              IntDefaultHandler 
                                                            ; GPIO Port P2
  222 0000021C 00000000        DCD              IntDefaultHandler 
                                                            ; GPIO Port P3
  223 00000220 00000000        DCD              IntDefaultHandler 
                                                            ; GPIO Port P4
  224 00000224 00000000        DCD              IntDefaultHandler 
                                                            ; GPIO Port P5
  225 00000228 00000000        DCD              IntDefaultHandler 
                                                            ; GPIO Port P6
  226 0000022C 00000000        DCD              IntDefaultHandler 
                                                            ; GPIO Port P7
  227 00000230 00000000        DCD              IntDefaultHandler ; GPIO Port Q



ARM Macro Assembler    Page 7 


                                                             (Summary or Q0)
  228 00000234 00000000        DCD              IntDefaultHandler 
                                                            ; GPIO Port Q1
  229 00000238 00000000        DCD              IntDefaultHandler 
                                                            ; GPIO Port Q2
  230 0000023C 00000000        DCD              IntDefaultHandler 
                                                            ; GPIO Port Q3
  231 00000240 00000000        DCD              IntDefaultHandler 
                                                            ; GPIO Port Q4
  232 00000244 00000000        DCD              IntDefaultHandler 
                                                            ; GPIO Port Q5
  233 00000248 00000000        DCD              IntDefaultHandler 
                                                            ; GPIO Port Q6
  234 0000024C 00000000        DCD              IntDefaultHandler 
                                                            ; GPIO Port Q7
  235 00000250 00000000        DCD              IntDefaultHandler ; GPIO Port R
                                                            
  236 00000254 00000000        DCD              IntDefaultHandler ; GPIO Port S
                                                            
  237 00000258 00000000        DCD              IntDefaultHandler 
                                                            ; PWM 1 Generator 0
                                                            
  238 0000025C 00000000        DCD              IntDefaultHandler 
                                                            ; PWM 1 Generator 1
                                                            
  239 00000260 00000000        DCD              IntDefaultHandler 
                                                            ; PWM 1 Generator 2
                                                            
  240 00000264 00000000        DCD              IntDefaultHandler 
                                                            ; PWM 1 Generator 3
                                                            
  241 00000268 00000000        DCD              IntDefaultHandler ; PWM 1 Fault
                                                            
  242 0000026C         
  243 0000026C         ;*******************************************************
                       ***********************
  244 0000026C         ;
  245 0000026C         ; This is the code that gets called when the processor f
                       irst starts execution
  246 0000026C         ; following a reset event.
  247 0000026C         ;
  248 0000026C         ;*******************************************************
                       ***********************
  249 0000026C                 EXPORT           Reset_Handler
  250 0000026C         Reset_Handler
  251 0000026C         ;
  252 0000026C         ; Enable the floating-point unit.  This must be done her
                       e to handle the
  253 0000026C         ; case where main() uses floating-point and the function
                        prologue saves
  254 0000026C         ; floating-point registers (which will fault if floating
                       -point is not
  255 0000026C         ; enabled).  Any configuration of the floating-point uni
                       t using
  256 0000026C         ; DriverLib APIs must be done here prior to the floating
                       -point unit
  257 0000026C         ; being enabled.
  258 0000026C         ;
  259 0000026C         ; Note that this does not use DriverLib since it might n



ARM Macro Assembler    Page 8 


                       ot be included
  260 0000026C         ; in this project.
  261 0000026C         ;
  262 0000026C F64E 5088       MOVW             R0, #0xED88
  263 00000270 F2CE 0000       MOVT             R0, #0xE000
  264 00000274 6801            LDR              R1, [R0]
  265 00000276 F441 0170       ORR              R1, #0x00F00000
  266 0000027A 6001            STR              R1, [R0]
  267 0000027C         
  268 0000027C         ;
  269 0000027C         ; Call the C library enty point that handles startup.  T
                       his will copy
  270 0000027C         ; the .data section initializers from flash to SRAM and 
                       zero fill the
  271 0000027C         ; .bss section.
  272 0000027C         ;
  273 0000027C                 IMPORT           __main
  274 0000027C F7FF BFFE       B                __main
  275 00000280         
  276 00000280         ;*******************************************************
                       ***********************
  277 00000280         ;
  278 00000280         ; This is the code that gets called when the processor r
                       eceives a NMI.  This
  279 00000280         ; simply enters an infinite loop, preserving the system 
                       state for examination
  280 00000280         ; by a debugger.
  281 00000280         ;
  282 00000280         ;*******************************************************
                       ***********************
  283 00000280         NmiSR
  284 00000280 E7FE            B                NmiSR
  285 00000282         
  286 00000282         ;*******************************************************
                       ***********************
  287 00000282         ;
  288 00000282         ; This is the code that gets called when the processor r
                       eceives a fault
  289 00000282         ; interrupt.  This simply enters an infinite loop, prese
                       rving the system state
  290 00000282         ; for examination by a debugger.
  291 00000282         ;
  292 00000282         ;*******************************************************
                       ***********************
  293 00000282         FaultISR
  294 00000282 E7FE            B                FaultISR
  295 00000284         
  296 00000284         ;*******************************************************
                       ***********************
  297 00000284         ;
  298 00000284         ; This is the code that gets called when the processor r
                       eceives an unexpected
  299 00000284         ; interrupt.  This simply enters an infinite loop, prese
                       rving the system state
  300 00000284         ; for examination by a debugger.
  301 00000284         ;
  302 00000284         ;*******************************************************
                       ***********************
  303 00000284         IntDefaultHandler



ARM Macro Assembler    Page 9 


  304 00000284 E7FE            B                IntDefaultHandler
  305 00000286         
  306 00000286         ;*******************************************************
                       ***********************
  307 00000286         ;
  308 00000286         ; Make sure the end of this section is aligned.
  309 00000286         ;
  310 00000286         ;*******************************************************
                       ***********************
  311 00000286 00 00           ALIGN
  312 00000288         
  313 00000288         ;*******************************************************
                       ***********************
  314 00000288         ;
  315 00000288         ; Some code in the normal code section for initializing 
                       the heap and stack.
  316 00000288         ;
  317 00000288         ;*******************************************************
                       ***********************
  318 00000288                 AREA             |.text|, CODE, READONLY
  319 00000000         ;*******************************************************
                       ***********************
  320 00000000         ;
  321 00000000         ; Useful functions.
  322 00000000         ;
  323 00000000         ;*******************************************************
                       ***********************
  324 00000000                 EXPORT           DisableInterrupts
  325 00000000                 EXPORT           EnableInterrupts
  326 00000000                 EXPORT           StartCritical
  327 00000000                 EXPORT           EndCritical
  328 00000000                 EXPORT           WaitForInterrupt
  329 00000000         
  330 00000000         ;*********** DisableInterrupts ***************
  331 00000000         ; disable interrupts
  332 00000000         ; inputs:  none
  333 00000000         ; outputs: none
  334 00000000         DisableInterrupts
  335 00000000 B672            CPSID            I
  336 00000002 4770            BX               LR
  337 00000004         
  338 00000004         ;*********** EnableInterrupts ***************
  339 00000004         ; disable interrupts
  340 00000004         ; inputs:  none
  341 00000004         ; outputs: none
  342 00000004         EnableInterrupts
  343 00000004 B662            CPSIE            I
  344 00000006 4770            BX               LR
  345 00000008         
  346 00000008         ;*********** StartCritical ************************
  347 00000008         ; make a copy of previous I bit, disable interrupts
  348 00000008         ; inputs:  none
  349 00000008         ; outputs: previous I bit
  350 00000008         StartCritical
  351 00000008 F3EF 8010       MRS              R0, PRIMASK ; save old status
  352 0000000C B672            CPSID            I           ; mask all (except 
                                                            faults)
  353 0000000E 4770            BX               LR
  354 00000010         



ARM Macro Assembler    Page 10 


  355 00000010         ;*********** EndCritical ************************
  356 00000010         ; using the copy of previous I bit, restore I bit to pre
                       vious value
  357 00000010         ; inputs:  previous I bit
  358 00000010         ; outputs: none
  359 00000010         EndCritical
  360 00000010 F380 8810       MSR              PRIMASK, R0
  361 00000014 4770            BX               LR
  362 00000016         
  363 00000016         ;*********** WaitForInterrupt ************************
  364 00000016         ; go to low power mode while waiting for the next interr
                       upt
  365 00000016         ; inputs:  none
  366 00000016         ; outputs: none
  367 00000016         WaitForInterrupt
  368 00000016 BF30            WFI
  369 00000018 4770            BX               LR
  370 0000001A         
  371 0000001A         
  372 0000001A         ;*******************************************************
                       ***********************
  373 0000001A         ;
  374 0000001A         ; The function expected of the C library startup code fo
                       r defining the stack
  375 0000001A         ; and heap memory locations.  For the C library version 
                       of the startup code,
  376 0000001A         ; provide this function so that the C library initializa
                       tion code can find out
  377 0000001A         ; the location of the stack and heap.
  378 0000001A         ;
  379 0000001A         ;*******************************************************
                       ***********************
  380 0000001A                 IF               :DEF: __MICROLIB
  381 0000001A                 EXPORT           __initial_sp
  382 0000001A                 EXPORT           __heap_base
  383 0000001A                 EXPORT           __heap_limit
  384 0000001A                 ELSE
  393                          ENDIF
  394 0000001A         
  395 0000001A         ;*******************************************************
                       ***********************
  396 0000001A         ;
  397 0000001A         ; Make sure the end of this section is aligned.
  398 0000001A         ;
  399 0000001A         ;*******************************************************
                       ***********************
  400 0000001A 00 00           ALIGN
  401 0000001C         
  402 0000001C         ;*******************************************************
                       ***********************
  403 0000001C         ;
  404 0000001C         ; Tell the assembler that we're done.
  405 0000001C         ;
  406 0000001C         ;*******************************************************
                       ***********************
  407 0000001C                 END
Command Line: --debug --xref --cpu=Cortex-M4 --apcs=interwork --depend=Startup.
d -oStartup.o -IC:\Keil\ARM\CMSIS\Include -IC:\Keil\ARM\INC\Luminary --predefin
e="__EVAL SETA 1" --predefine="__MICROLIB SETA 1" --list=Startup.lst Startup.s



ARM Macro Assembler    Page 1 Alphabetic symbol ordering
Relocatable symbols

STACK 00000000

Symbol: STACK
   Definitions
      At line 45 in file Startup.s
   Uses
      None
Comment: STACK unused
StackMem 00000000

Symbol: StackMem
   Definitions
      At line 46 in file Startup.s
   Uses
      At line 87 in file Startup.s
Comment: StackMem used once
__initial_sp 00000100

Symbol: __initial_sp
   Definitions
      At line 48 in file Startup.s
   Uses
      At line 381 in file Startup.s
Comment: __initial_sp used once
3 symbols



ARM Macro Assembler    Page 1 Alphabetic symbol ordering
Relocatable symbols

HEAP 00000000

Symbol: HEAP
   Definitions
      At line 55 in file Startup.s
   Uses
      None
Comment: HEAP unused
HeapMem 00000000

Symbol: HeapMem
   Definitions
      At line 57 in file Startup.s
   Uses
      None
Comment: HeapMem unused
__heap_base 00000000

Symbol: __heap_base
   Definitions
      At line 56 in file Startup.s
   Uses
      At line 382 in file Startup.s
Comment: __heap_base used once
__heap_limit 00000000

Symbol: __heap_limit
   Definitions
      At line 59 in file Startup.s
   Uses
      At line 383 in file Startup.s
Comment: __heap_limit used once
4 symbols



ARM Macro Assembler    Page 1 Alphabetic symbol ordering
Relocatable symbols

FaultISR 00000282

Symbol: FaultISR
   Definitions
      At line 293 in file Startup.s
   Uses
      At line 90 in file Startup.s
      At line 294 in file Startup.s

IntDefaultHandler 00000284

Symbol: IntDefaultHandler
   Definitions
      At line 303 in file Startup.s
   Uses
      At line 91 in file Startup.s
      At line 92 in file Startup.s
      At line 93 in file Startup.s
      At line 98 in file Startup.s
      At line 99 in file Startup.s
      At line 101 in file Startup.s
      At line 102 in file Startup.s
      At line 103 in file Startup.s
      At line 104 in file Startup.s
      At line 105 in file Startup.s
      At line 107 in file Startup.s
      At line 108 in file Startup.s
      At line 109 in file Startup.s
      At line 110 in file Startup.s
      At line 111 in file Startup.s
      At line 112 in file Startup.s
      At line 113 in file Startup.s
      At line 114 in file Startup.s
      At line 115 in file Startup.s
      At line 116 in file Startup.s
      At line 117 in file Startup.s
      At line 118 in file Startup.s
      At line 119 in file Startup.s
      At line 120 in file Startup.s
      At line 121 in file Startup.s
      At line 124 in file Startup.s
      At line 125 in file Startup.s
      At line 126 in file Startup.s
      At line 127 in file Startup.s
      At line 128 in file Startup.s
      At line 129 in file Startup.s
      At line 130 in file Startup.s
      At line 131 in file Startup.s
      At line 132 in file Startup.s
      At line 133 in file Startup.s
      At line 134 in file Startup.s
      At line 135 in file Startup.s
      At line 136 in file Startup.s
      At line 137 in file Startup.s
      At line 138 in file Startup.s
      At line 139 in file Startup.s
      At line 141 in file Startup.s
      At line 142 in file Startup.s
      At line 143 in file Startup.s



ARM Macro Assembler    Page 2 Alphabetic symbol ordering
Relocatable symbols

      At line 144 in file Startup.s
      At line 145 in file Startup.s
      At line 146 in file Startup.s
      At line 147 in file Startup.s
      At line 148 in file Startup.s
      At line 149 in file Startup.s
      At line 150 in file Startup.s
      At line 151 in file Startup.s
      At line 152 in file Startup.s
      At line 153 in file Startup.s
      At line 154 in file Startup.s
      At line 155 in file Startup.s
      At line 156 in file Startup.s
      At line 157 in file Startup.s
      At line 158 in file Startup.s
      At line 159 in file Startup.s
      At line 160 in file Startup.s
      At line 161 in file Startup.s
      At line 163 in file Startup.s
      At line 164 in file Startup.s
      At line 165 in file Startup.s
      At line 166 in file Startup.s
      At line 171 in file Startup.s
      At line 172 in file Startup.s
      At line 173 in file Startup.s
      At line 174 in file Startup.s
      At line 195 in file Startup.s
      At line 196 in file Startup.s
      At line 197 in file Startup.s
      At line 198 in file Startup.s
      At line 199 in file Startup.s
      At line 200 in file Startup.s
      At line 201 in file Startup.s
      At line 202 in file Startup.s
      At line 203 in file Startup.s
      At line 204 in file Startup.s
      At line 205 in file Startup.s
      At line 206 in file Startup.s
      At line 207 in file Startup.s
      At line 208 in file Startup.s
      At line 209 in file Startup.s
      At line 210 in file Startup.s
      At line 211 in file Startup.s
      At line 212 in file Startup.s
      At line 213 in file Startup.s
      At line 214 in file Startup.s
      At line 215 in file Startup.s
      At line 216 in file Startup.s
      At line 217 in file Startup.s
      At line 219 in file Startup.s
      At line 220 in file Startup.s
      At line 221 in file Startup.s
      At line 222 in file Startup.s
      At line 223 in file Startup.s
      At line 224 in file Startup.s
      At line 225 in file Startup.s
      At line 226 in file Startup.s
      At line 227 in file Startup.s
      At line 228 in file Startup.s



ARM Macro Assembler    Page 3 Alphabetic symbol ordering
Relocatable symbols

      At line 229 in file Startup.s
      At line 230 in file Startup.s
      At line 231 in file Startup.s
      At line 232 in file Startup.s
      At line 233 in file Startup.s
      At line 234 in file Startup.s
      At line 235 in file Startup.s
      At line 236 in file Startup.s
      At line 237 in file Startup.s
      At line 238 in file Startup.s
      At line 239 in file Startup.s
      At line 240 in file Startup.s
      At line 241 in file Startup.s
      At line 304 in file Startup.s

NmiSR 00000280

Symbol: NmiSR
   Definitions
      At line 283 in file Startup.s
   Uses
      At line 89 in file Startup.s
      At line 284 in file Startup.s

RESET 00000000

Symbol: RESET
   Definitions
      At line 73 in file Startup.s
   Uses
      None
Comment: RESET unused
Reset_Handler 0000026C

Symbol: Reset_Handler
   Definitions
      At line 250 in file Startup.s
   Uses
      At line 88 in file Startup.s
      At line 249 in file Startup.s

__Vectors 00000000

Symbol: __Vectors
   Definitions
      At line 86 in file Startup.s
   Uses
      At line 85 in file Startup.s
Comment: __Vectors used once
6 symbols



ARM Macro Assembler    Page 1 Alphabetic symbol ordering
Relocatable symbols

.text 00000000

Symbol: .text
   Definitions
      At line 318 in file Startup.s
   Uses
      None
Comment: .text unused
DisableInterrupts 00000000

Symbol: DisableInterrupts
   Definitions
      At line 334 in file Startup.s
   Uses
      At line 324 in file Startup.s
Comment: DisableInterrupts used once
EnableInterrupts 00000004

Symbol: EnableInterrupts
   Definitions
      At line 342 in file Startup.s
   Uses
      At line 325 in file Startup.s
Comment: EnableInterrupts used once
EndCritical 00000010

Symbol: EndCritical
   Definitions
      At line 359 in file Startup.s
   Uses
      At line 327 in file Startup.s
Comment: EndCritical used once
StartCritical 00000008

Symbol: StartCritical
   Definitions
      At line 350 in file Startup.s
   Uses
      At line 326 in file Startup.s
Comment: StartCritical used once
WaitForInterrupt 00000016

Symbol: WaitForInterrupt
   Definitions
      At line 367 in file Startup.s
   Uses
      At line 328 in file Startup.s
Comment: WaitForInterrupt used once
6 symbols



ARM Macro Assembler    Page 1 Alphabetic symbol ordering
Absolute symbols

Heap 00000000

Symbol: Heap
   Definitions
      At line 38 in file Startup.s
   Uses
      At line 58 in file Startup.s
Comment: Heap used once
Stack 00000100

Symbol: Stack
   Definitions
      At line 31 in file Startup.s
   Uses
      At line 47 in file Startup.s
      At line 87 in file Startup.s

2 symbols



ARM Macro Assembler    Page 1 Alphabetic symbol ordering
External symbols

I2C1IntHandler 00000000

Symbol: I2C1IntHandler
   Definitions
      At line 78 in file Startup.s
   Uses
      At line 140 in file Startup.s
Comment: I2C1IntHandler used once
PORTDIntHandler 00000000

Symbol: PORTDIntHandler
   Definitions
      At line 79 in file Startup.s
   Uses
      At line 106 in file Startup.s
Comment: PORTDIntHandler used once
TIMER0IntHandler 00000000

Symbol: TIMER0IntHandler
   Definitions
      At line 76 in file Startup.s
   Uses
      At line 122 in file Startup.s
      At line 123 in file Startup.s

UART3IntHandler 00000000

Symbol: UART3IntHandler
   Definitions
      At line 77 in file Startup.s
   Uses
      At line 162 in file Startup.s
Comment: UART3IntHandler used once
__main 00000000

Symbol: __main
   Definitions
      At line 273 in file Startup.s
   Uses
      At line 274 in file Startup.s
Comment: __main used once
5 symbols
358 symbols in table
